0 info it worked if it ends with ok
1 verbose cli [ 'node', '/usr/bin/npm', 'install', '--save', 'socket.io' ]
2 info using npm@1.3.6
3 info using node@v0.10.32
4 warn package.json TPAngular@0.1.0 No repository field.
5 verbose readDependencies using package.json deps
6 verbose cache add [ 'socket.io', null ]
7 verbose cache add name=undefined spec="socket.io" args=["socket.io",null]
8 verbose parsed url { protocol: null,
8 verbose parsed url   slashes: null,
8 verbose parsed url   auth: null,
8 verbose parsed url   host: null,
8 verbose parsed url   port: null,
8 verbose parsed url   hostname: null,
8 verbose parsed url   hash: null,
8 verbose parsed url   search: null,
8 verbose parsed url   query: null,
8 verbose parsed url   pathname: 'socket.io',
8 verbose parsed url   path: 'socket.io',
8 verbose parsed url   href: 'socket.io' }
9 silly lockFile 71475bfd-socket-io socket.io
10 verbose lock socket.io /home/hamza/.npm/71475bfd-socket-io.lock
11 silly lockFile 71475bfd-socket-io socket.io
12 silly lockFile 71475bfd-socket-io socket.io
13 verbose addNamed [ 'socket.io', '' ]
14 verbose addNamed [ null, '*' ]
15 silly lockFile c03de861-socket-io socket.io@
16 verbose lock socket.io@ /home/hamza/.npm/c03de861-socket-io.lock
17 silly addNameRange { name: 'socket.io', range: '*', hasData: false }
18 verbose url raw socket.io
19 verbose url resolving [ 'https://registry.npmjs.org/', './socket.io' ]
20 verbose url resolved https://registry.npmjs.org/socket.io
21 info trying registry request attempt 1 at 00:08:52
22 http GET https://registry.npmjs.org/socket.io
23 http 200 https://registry.npmjs.org/socket.io
24 silly registry.get cb [ 200,
24 silly registry.get   { date: 'Sun, 09 Nov 2014 23:08:53 GMT',
24 silly registry.get     server: 'CouchDB/1.5.0 (Erlang OTP/R16B03)',
24 silly registry.get     etag: '"94WHOLJJEZ8UGR32D0ILJCH58"',
24 silly registry.get     'content-type': 'application/json',
24 silly registry.get     'cache-control': 'max-age=60',
24 silly registry.get     'content-length': '101188',
24 silly registry.get     'accept-ranges': 'bytes',
24 silly registry.get     via: '1.1 varnish',
24 silly registry.get     age: '55',
24 silly registry.get     'x-served-by': 'cache-ams4141-AMS',
24 silly registry.get     'x-cache': 'HIT',
24 silly registry.get     'x-cache-hits': '1',
24 silly registry.get     'x-timer': 'S1415574533.131311,VS0,VE0',
24 silly registry.get     vary: 'Accept',
24 silly registry.get     'keep-alive': 'timeout=10, max=50',
24 silly registry.get     connection: 'Keep-Alive' } ]
25 silly addNameRange number 2 { name: 'socket.io', range: '*', hasData: true }
26 silly addNameRange versions [ 'socket.io',
26 silly addNameRange   [ '0.3.8',
26 silly addNameRange     '0.4.0',
26 silly addNameRange     '0.4.1',
26 silly addNameRange     '0.5.1',
26 silly addNameRange     '0.5.3',
26 silly addNameRange     '0.6.0',
26 silly addNameRange     '0.6.1',
26 silly addNameRange     '0.6.3',
26 silly addNameRange     '0.6.4',
26 silly addNameRange     '0.6.5',
26 silly addNameRange     '0.6.6',
26 silly addNameRange     '0.6.7',
26 silly addNameRange     '0.6.8',
26 silly addNameRange     '0.6.9',
26 silly addNameRange     '0.6.10',
26 silly addNameRange     '0.6.11',
26 silly addNameRange     '0.6.12',
26 silly addNameRange     '0.6.14',
26 silly addNameRange     '0.6.15',
26 silly addNameRange     '0.6.16',
26 silly addNameRange     '0.6.17',
26 silly addNameRange     '0.6.18',
26 silly addNameRange     '0.7.0',
26 silly addNameRange     '0.7.1',
26 silly addNameRange     '0.7.2',
26 silly addNameRange     '0.7.3',
26 silly addNameRange     '0.7.4',
26 silly addNameRange     '0.7.5',
26 silly addNameRange     '0.7.6',
26 silly addNameRange     '0.7.7',
26 silly addNameRange     '0.7.8',
26 silly addNameRange     '0.7.9',
26 silly addNameRange     '0.7.10',
26 silly addNameRange     '0.7.11',
26 silly addNameRange     '0.8.0',
26 silly addNameRange     '0.8.1',
26 silly addNameRange     '0.8.2',
26 silly addNameRange     '0.8.3',
26 silly addNameRange     '0.8.4',
26 silly addNameRange     '0.8.5',
26 silly addNameRange     '0.8.6',
26 silly addNameRange     '0.8.7',
26 silly addNameRange     '0.9.0',
26 silly addNameRange     '0.9.1',
26 silly addNameRange     '0.9.1-1',
26 silly addNameRange     '0.9.2',
26 silly addNameRange     '0.9.3',
26 silly addNameRange     '0.9.4',
26 silly addNameRange     '0.9.5',
26 silly addNameRange     '0.9.6',
26 silly addNameRange     '0.9.7',
26 silly addNameRange     '0.9.8',
26 silly addNameRange     '0.9.9',
26 silly addNameRange     '0.9.10',
26 silly addNameRange     '0.9.11',
26 silly addNameRange     '0.9.12',
26 silly addNameRange     '0.9.13',
26 silly addNameRange     '0.9.14',
26 silly addNameRange     '0.9.15',
26 silly addNameRange     '0.9.16',
26 silly addNameRange     '1.0.0-pre',
26 silly addNameRange     '1.0.0-pre2',
26 silly addNameRange     '1.0.0-pre3',
26 silly addNameRange     '1.0.0-pre4',
26 silly addNameRange     '1.0.0-pre5',
26 silly addNameRange     '0.9.17',
26 silly addNameRange     '1.0.0',
26 silly addNameRange     '1.0.1',
26 silly addNameRange     '1.0.2',
26 silly addNameRange     '1.0.3',
26 silly addNameRange     '1.0.4',
26 silly addNameRange     '1.0.5',
26 silly addNameRange     '1.0.6',
26 silly addNameRange     '1.1.0',
26 silly addNameRange     '1.2.0' ] ]
27 verbose addNamed [ 'socket.io', '1.2.0' ]
28 verbose addNamed [ '1.2.0', '1.2.0' ]
29 silly lockFile 1b93a138-socket-io-1-2-0 socket.io@1.2.0
30 verbose lock socket.io@1.2.0 /home/hamza/.npm/1b93a138-socket-io-1-2-0.lock
31 silly lockFile e37968a4-rg-socket-io-socket-io-1-2-0-tgz https://registry.npmjs.org/socket.io/-/socket.io-1.2.0.tgz
32 verbose lock https://registry.npmjs.org/socket.io/-/socket.io-1.2.0.tgz /home/hamza/.npm/e37968a4-rg-socket-io-socket-io-1-2-0-tgz.lock
33 verbose addRemoteTarball [ 'https://registry.npmjs.org/socket.io/-/socket.io-1.2.0.tgz',
33 verbose addRemoteTarball   '02f00ffc24626294f46924d4c25ce35a9b940789' ]
34 info retry fetch attempt 1 at 00:08:53
35 verbose fetch to= /home/hamza/tmp/npm-10535-R9dPJjXA/1415574533416-0.6402805037796497/tmp.tgz
36 http GET https://registry.npmjs.org/socket.io/-/socket.io-1.2.0.tgz
37 http 200 https://registry.npmjs.org/socket.io/-/socket.io-1.2.0.tgz
38 verbose tar unpack /home/hamza/tmp/npm-10535-R9dPJjXA/1415574533416-0.6402805037796497/tmp.tgz
39 silly lockFile d97c8736-33416-0-6402805037796497-package tar:///home/hamza/tmp/npm-10535-R9dPJjXA/1415574533416-0.6402805037796497/package
40 verbose lock tar:///home/hamza/tmp/npm-10535-R9dPJjXA/1415574533416-0.6402805037796497/package /home/hamza/.npm/d97c8736-33416-0-6402805037796497-package.lock
41 silly lockFile ded23358-33416-0-6402805037796497-tmp-tgz tar:///home/hamza/tmp/npm-10535-R9dPJjXA/1415574533416-0.6402805037796497/tmp.tgz
42 verbose lock tar:///home/hamza/tmp/npm-10535-R9dPJjXA/1415574533416-0.6402805037796497/tmp.tgz /home/hamza/.npm/ded23358-33416-0-6402805037796497-tmp-tgz.lock
43 silly gunzTarPerm modes [ '755', '644' ]
44 silly gunzTarPerm extractEntry package.json
45 silly gunzTarPerm extractEntry .npmignore
46 silly gunzTarPerm extractEntry LICENSE
47 silly gunzTarPerm extractEntry index.js
48 silly gunzTarPerm extractEntry .travis.yml
49 silly gunzTarPerm extractEntry History.md
50 silly gunzTarPerm extractEntry Makefile
51 silly gunzTarPerm extractEntry Readme.md
52 silly gunzTarPerm extractEntry lib/client.js
53 silly gunzTarPerm extractEntry lib/index.js
54 silly gunzTarPerm extractEntry lib/namespace.js
55 silly gunzTarPerm extractEntry lib/socket.js
56 silly lockFile d97c8736-33416-0-6402805037796497-package tar:///home/hamza/tmp/npm-10535-R9dPJjXA/1415574533416-0.6402805037796497/package
57 silly lockFile d97c8736-33416-0-6402805037796497-package tar:///home/hamza/tmp/npm-10535-R9dPJjXA/1415574533416-0.6402805037796497/package
58 silly lockFile ded23358-33416-0-6402805037796497-tmp-tgz tar:///home/hamza/tmp/npm-10535-R9dPJjXA/1415574533416-0.6402805037796497/tmp.tgz
59 silly lockFile ded23358-33416-0-6402805037796497-tmp-tgz tar:///home/hamza/tmp/npm-10535-R9dPJjXA/1415574533416-0.6402805037796497/tmp.tgz
60 verbose tar pack [ '/home/hamza/.npm/socket.io/1.2.0/package.tgz',
60 verbose tar pack   '/home/hamza/tmp/npm-10535-R9dPJjXA/1415574533416-0.6402805037796497/package' ]
61 verbose tarball /home/hamza/.npm/socket.io/1.2.0/package.tgz
62 verbose folder /home/hamza/tmp/npm-10535-R9dPJjXA/1415574533416-0.6402805037796497/package
63 silly lockFile d97c8736-33416-0-6402805037796497-package tar:///home/hamza/tmp/npm-10535-R9dPJjXA/1415574533416-0.6402805037796497/package
64 verbose lock tar:///home/hamza/tmp/npm-10535-R9dPJjXA/1415574533416-0.6402805037796497/package /home/hamza/.npm/d97c8736-33416-0-6402805037796497-package.lock
65 silly lockFile 4b565519--npm-socket-io-1-2-0-package-tgz tar:///home/hamza/.npm/socket.io/1.2.0/package.tgz
66 verbose lock tar:///home/hamza/.npm/socket.io/1.2.0/package.tgz /home/hamza/.npm/4b565519--npm-socket-io-1-2-0-package-tgz.lock
67 silly lockFile d97c8736-33416-0-6402805037796497-package tar:///home/hamza/tmp/npm-10535-R9dPJjXA/1415574533416-0.6402805037796497/package
68 silly lockFile d97c8736-33416-0-6402805037796497-package tar:///home/hamza/tmp/npm-10535-R9dPJjXA/1415574533416-0.6402805037796497/package
69 silly lockFile 4b565519--npm-socket-io-1-2-0-package-tgz tar:///home/hamza/.npm/socket.io/1.2.0/package.tgz
70 silly lockFile 4b565519--npm-socket-io-1-2-0-package-tgz tar:///home/hamza/.npm/socket.io/1.2.0/package.tgz
71 silly lockFile 668ca387-amza-npm-socket-io-1-2-0-package /home/hamza/.npm/socket.io/1.2.0/package
72 verbose lock /home/hamza/.npm/socket.io/1.2.0/package /home/hamza/.npm/668ca387-amza-npm-socket-io-1-2-0-package.lock
73 silly lockFile 668ca387-amza-npm-socket-io-1-2-0-package /home/hamza/.npm/socket.io/1.2.0/package
74 silly lockFile 668ca387-amza-npm-socket-io-1-2-0-package /home/hamza/.npm/socket.io/1.2.0/package
75 verbose tar unpack /home/hamza/.npm/socket.io/1.2.0/package.tgz
76 silly lockFile 0c5e1984-amza-npm-socket-io-1-2-0-package tar:///home/hamza/.npm/socket.io/1.2.0/package
77 verbose lock tar:///home/hamza/.npm/socket.io/1.2.0/package /home/hamza/.npm/0c5e1984-amza-npm-socket-io-1-2-0-package.lock
78 silly lockFile 4b565519--npm-socket-io-1-2-0-package-tgz tar:///home/hamza/.npm/socket.io/1.2.0/package.tgz
79 verbose lock tar:///home/hamza/.npm/socket.io/1.2.0/package.tgz /home/hamza/.npm/4b565519--npm-socket-io-1-2-0-package-tgz.lock
80 silly gunzTarPerm modes [ '755', '644' ]
81 silly gunzTarPerm extractEntry package.json
82 silly gunzTarPerm extractEntry .npmignore
83 silly gunzTarPerm extractEntry LICENSE
84 silly gunzTarPerm extractEntry index.js
85 silly gunzTarPerm extractEntry .travis.yml
86 silly gunzTarPerm extractEntry History.md
87 silly gunzTarPerm extractEntry Makefile
88 silly gunzTarPerm extractEntry Readme.md
89 silly gunzTarPerm extractEntry lib/client.js
90 silly gunzTarPerm extractEntry lib/index.js
91 silly gunzTarPerm extractEntry lib/namespace.js
92 silly gunzTarPerm extractEntry lib/socket.js
93 silly lockFile 0c5e1984-amza-npm-socket-io-1-2-0-package tar:///home/hamza/.npm/socket.io/1.2.0/package
94 silly lockFile 0c5e1984-amza-npm-socket-io-1-2-0-package tar:///home/hamza/.npm/socket.io/1.2.0/package
95 silly lockFile 4b565519--npm-socket-io-1-2-0-package-tgz tar:///home/hamza/.npm/socket.io/1.2.0/package.tgz
96 silly lockFile 4b565519--npm-socket-io-1-2-0-package-tgz tar:///home/hamza/.npm/socket.io/1.2.0/package.tgz
97 verbose chmod /home/hamza/.npm/socket.io/1.2.0/package.tgz 644
98 verbose chown /home/hamza/.npm/socket.io/1.2.0/package.tgz [ 1000, 1000 ]
99 silly lockFile e37968a4-rg-socket-io-socket-io-1-2-0-tgz https://registry.npmjs.org/socket.io/-/socket.io-1.2.0.tgz
100 silly lockFile e37968a4-rg-socket-io-socket-io-1-2-0-tgz https://registry.npmjs.org/socket.io/-/socket.io-1.2.0.tgz
101 silly lockFile 1b93a138-socket-io-1-2-0 socket.io@1.2.0
102 silly lockFile 1b93a138-socket-io-1-2-0 socket.io@1.2.0
103 silly lockFile c03de861-socket-io socket.io@
104 silly lockFile c03de861-socket-io socket.io@
105 silly resolved [ { name: 'socket.io',
105 silly resolved     version: '1.2.0',
105 silly resolved     description: 'node.js realtime framework server',
105 silly resolved     keywords:
105 silly resolved      [ 'realtime',
105 silly resolved        'framework',
105 silly resolved        'websocket',
105 silly resolved        'tcp',
105 silly resolved        'events',
105 silly resolved        'socket',
105 silly resolved        'io' ],
105 silly resolved     repository: { type: 'git', url: 'git://github.com/Automattic/socket.io' },
105 silly resolved     scripts: { test: 'make test' },
105 silly resolved     dependencies:
105 silly resolved      { 'engine.io': '1.4.2',
105 silly resolved        'socket.io-parser': '2.2.2',
105 silly resolved        'socket.io-client': '1.2.0',
105 silly resolved        'socket.io-adapter': '0.3.1',
105 silly resolved        'has-binary-data': '0.1.3',
105 silly resolved        debug: '0.7.4' },
105 silly resolved     devDependencies:
105 silly resolved      { mocha: '1.16.2',
105 silly resolved        'expect.js': '0.3.1',
105 silly resolved        supertest: '0.8.2',
105 silly resolved        superagent: '0.17.0',
105 silly resolved        istanbul: '0.2.3' },
105 silly resolved     contributors: [ [Object], [Object], [Object], [Object] ],
105 silly resolved     readme: '\n# socket.io\n\n[![Build Status](https://secure.travis-ci.org/Automattic/socket.io.svg)](http://travis-ci.org/Automattic/socket.io)\n[![NPM version](https://badge.fury.io/js/socket.io.svg)](http://badge.fury.io/js/socket.io)\n![Downloads](http://img.shields.io/npm/dm/socket.io.svg)\n\n## How to use\n\nThe following example attaches socket.io to a plain Node.JS\nHTTP server listening on port `3000`.\n\n```js\nvar server = require(\'http\').createServer();\nvar io = require(\'socket.io\')(server);\nio.on(\'connection\', function(socket){\n  socket.on(\'event\', function(data){});\n  socket.on(\'disconnect\', function(){});\n});\nserver.listen(3000);\n```\n\n### Standalone\n\n```js\nvar io = require(\'socket.io\')();\nio.on(\'connection\', function(socket){});\nio.listen(3000);\n```\n\n### In conjunction with Express\n\nStarting with **3.0**, express applications have become request handler\nfunctions that you pass to `http` or `http` `Server` instances. You need\nto pass the `Server` to `socket.io`, and not the express application\nfunction.\n\n```js\nvar app = require(\'express\')();\nvar server = require(\'http\').createServer(app);\nvar io = require(\'socket.io\')(server);\nio.on(\'connection\', function(){ /* … */ });\nserver.listen(3000);\n```\n\n### In conjunction with Koa\n\nLike Express.JS, Koa works by exposing an application as a request\nhandler function, but only by calling the `callback` method.\n\n```js\nvar app = require(\'koa\')();\nvar server = require(\'http\').createServer(app.callback());\nvar io = require(\'socket.io\')(server);\nio.on(\'connection\', function(){ /* … */ });\nserver.listen(3000);\n```\n\n## API\n\n### Server\n\n  Exposed by `require(\'socket.io\')`.\n\n### Server()\n\n  Creates a new `Server`. Works with and without `new`:\n\n  ```js\n  var io = require(\'socket.io\')();\n  // or\n  var Server = require(\'socket.io\');\n  var io = new Server();\n  ```\n\n### Server(opts:Object)\n\n  Optionally, the first or second argument (see below) of the `Server`\n  constructor can be an options object.\n\n  The following options are supported:\n\n  - `serveClient` sets the value for Server#serveClient()\n  - `path` sets the value for Server#path()\n\n  The same options passed to socket.io are always passed to\n  the `engine.io` `Server` that gets created. See engine.io\n  [options](https://github.com/learnboost/engine.io#methods-1)\n  as reference.\n\n### Server(srv:http#Server, opts:Object)\n\n  Creates a new `Server` and attaches it to the given `srv`. Optionally\n  `opts` can be passed.\n\n### Server(port:Number, opts:Object)\n\n  Binds socket.io to a new `http.Server` that listens on `port`.\n\n### Server#serveClient(v:Boolean):Server\n\n  If `v` is `true` the attached server (see `Server#attach`) will serve\n  the client files. Defaults to `true`.\n\n  This method has no effect after `attach` is called.\n\n  ```js\n  // pass a server and the `serveClient` option\n  var io = require(\'socket.io\')(http, { serveClient: false });\n\n  // or pass no server and then you can call the method\n  var io = require(\'socket.io\')();\n  io.serveClient(false);\n  io.attach(http);\n  ```\n\n  If no arguments are supplied this method returns the current value.\n\n### Server#path(v:String):Server\n\n  Sets the path `v` under which `engine.io` and the static files will be\n  served. Defaults to `/socket.io`.\n\n  If no arguments are supplied this method returns the current value.\n\n### Server#adapter(v:Adapter):Server\n\n  Sets the adapter `v`. Defaults to an instance of the `Adapter` that\n  ships with socket.io which is memory based. See\n  [socket.io-adapter](https://github.com/Automattic/socket.io-adapter).\n\n  If no arguments are supplied this method returns the current value.\n\n### Server#origins(v:String):Server\n\n  Sets the allowed origins `v`. Defaults to any origins being allowed.\n\n  If no arguments are supplied this method returns the current value.\n\n### Server#origins(v:Function):Server\n\n  Sets the allowed origins as dynamic function. Function takes two arguments `origin:String` and `callback(error, success)`, where `success` is a boolean value indicating whether origin is allowed or not.\n\n  __Potential drawbacks__:\n  * in some situations, when it is not possible to determine `origin` it may have value of `*`\n  * As this function will be executed for every request, it is advised to make this function work as fast as possible\n  * If `socket.io` is used together with `Express`, the CORS headers will be affected only for `socket.io` requests. For Express can use [cors](https://github.com/troygoode/node-cors/)\n\n\n### Server#sockets:Namespace\n\n  The default (`/`) namespace.\n\n### Server#attach(srv:http#Server, opts:Object):Server\n\n  Attaches the `Server` to an engine.io instance on `srv` with the\n  supplied `opts` (optionally).\n\n### Server#attach(port:Number, opts:Object):Server\n\n  Attaches the `Server` to an engine.io instance that is bound to `port`\n  with the given `opts` (optionally).\n\n### Server#listen\n\n  Synonym of `Server#attach`.\n\n### Server#bind(srv:engine#Server):Server\n\n  Advanced use only. Binds the server to a specific engine.io `Server`\n  (or compatible API) instance.\n\n### Server#onconnection(socket:engine#Socket):Server\n\n  Advanced use only. Creates a new `socket.io` client from the incoming\n  engine.io (or compatible API) `socket`.\n\n### Server#of(nsp:String):Namespace\n\n  Initializes and retrieves the given `Namespace` by its pathname\n  identifier `nsp`.\n\n  If the namespace was already initialized it returns it right away.\n\n### Server#emit\n\n  Emits an event to all connected clients. The following two are\n  equivalent:\n\n  ```js\n  var io = require(\'socket.io\')();\n  io.sockets.emit(\'an event sent to all connected clients\');\n  io.emit(\'an event sent to all connected clients\');\n  ```\n\n  For other available methods, see `Namespace` below.\n\n### Server#close\n\n  Closes socket server\n\n  ```js\n  var Server = require(\'socket.io\');\n  var PORT   = 3030;\n  var server = require(\'http\').Server();\n\n  var io = Server(PORT);\n\n  io.close(); // Close current server\n\n  server.listen(PORT); // PORT is free to use\n\n  io = Server(server);\n  ```\n\n### Server#use\n\n  See `Namespace#use` below.\n\n### Namespace\n\n  Represents a pool of sockets connected under a given scope identified\n  by a pathname (eg: `/chat`).\n\n  By default the client always connects to `/`.\n\n#### Events\n\n  - `connection` / `connect`. Fired upon a connection.\n\n    Parameters:\n    - `Socket` the incoming socket.\n\n### Namespace#name:String\n\n  The namespace identifier property.\n\n### Namespace#connected:Object<Socket>\n\n  Hash of `Socket` objects that are connected to this namespace indexed\n  by `id`.\n\n### Namespace#use(fn:Function):Namespace\n\n  Registers a middleware, which is a function that gets executed for\n  every incoming `Socket` and receives as parameter the socket and a\n  function to optionally defer execution to the next registered\n  middleware.\n\n  ```js\n  var io = require(\'socket.io\')();\n  io.use(function(socket, next){\n    if (socket.request.headers.cookie) return next();\n    next(new Error(\'Authentication error\'));\n  });\n  ```\n\n  Errors passed to middleware callbacks are sent as special `error`\n  packets to clients.\n\n### Socket\n\n  A `Socket` is the fundamental class for interacting with browser\n  clients. A `Socket` belongs to a certain `Namespace` (by default `/`)\n  and uses an underlying `Client` to communicate.\n\n### Socket#rooms:Array\n\n  A list of strings identifying the rooms this socket is in.\n\n### Socket#client:Client\n\n  A reference to the underlying `Client` object.\n\n### Socket#conn:Socket\n\n  A reference to the underyling `Client` transport connection (engine.io\n  `Socket` object).\n\n### Socket#request:Request\n\n  A getter proxy that returns the reference to the `request` that\n  originated the underlying engine.io `Client`. Useful for accessing\n  request headers such as `Cookie` or `User-Agent`.\n\n### Socket#id:String\n\n  A unique identifier for the socket session, that comes from the\n  underlying `Client`.\n\n### Socket#emit(name:String[, …]):Socket\n\n  Emits an event to the socket identified by the string `name`. Any\n  other parameters can be included.\n\n  All datastructures are supported, including `Buffer`. JavaScript\n  functions can\'t be serialized/deserialized.\n\n  ```js\n  var io = require(\'socket.io\')();\n  io.on(\'connection\', function(socket){\n    socket.emit(\'an event\', { some: \'data\' });\n  });\n  ```\n\n### Socket#join(name:String[, fn:Function]):Socket\n\n  Adds the socket to the `room`, and fires optionally a callback `fn`\n  with `err` signature (if any).\n\n  The socket is automatically a member of a room identified with its\n  session id (see `Socket#id`).\n\n  The mechanics of joining  rooms are handled by the `Adapter`\n  that has been configured (see `Server#adapter` above), defaulting to\n  [socket.io-adapter](https://github.com/Automattic/socket.io-adapter).\n\n### Socket#leave(name:String[, fn:Function]):Socket\n\n  Removes the socket from `room`, and fires optionally a callback `fn`\n  with `err` signature (if any).\n\n  **Rooms are left automatically upon disconnection**.\n\n  The mechanics of leaving rooms are handled by the `Adapter`\n  that has been configured (see `Server#adapter` above), defaulting to\n  [socket.io-adapter](https://github.com/Automattic/socket.io-adapter).\n\n### Socket#to(room:String):Socket\n### Socket#in(room:String):Socket\n\n  Sets a modifier for a subsequent event emission that the event will\n  only be _broadcasted_ to sockets that have joined the given `room`.\n\n  To emit to multiple rooms, you can call `to` several times.\n\n  ```js\n  var io = require(\'socket.io\')();\n  io.on(\'connection\', function(socket){\n    socket.to(\'others\').emit(\'an event\', { some: \'data\' });\n  });\n  ```\n\n### Client\n\n  The `Client` class represents an incoming transport (engine.io)\n  connection. A `Client` can be associated with many multiplexed `Socket`\n  that belong to different `Namespace`s.\n\n### Client#conn\n\n  A reference to the underlying `engine.io` `Socket` connection.\n\n### Client#request\n\n  A getter proxy that returns the reference to the `request` that\n  originated the engine.io connection. Useful for accessing\n  request headers such as `Cookie` or `User-Agent`.\n\n## Debug / logging\n\nSocket.IO is powered by [debug](http://github.com/visionmedia/debug).\nIn order to see all the debug output, run your app with the environment variable\n`DEBUG` including the desired scope.\n\nTo see the output from all of Socket.IO\'s debugging scopes you can use:\n\n```\nDEBUG=socket.io* node myapp\n```\n\n## License\n\nMIT\n',
105 silly resolved     readmeFilename: 'Readme.md',
105 silly resolved     bugs: { url: 'https://github.com/Automattic/socket.io/issues' },
105 silly resolved     _id: 'socket.io@1.2.0',
105 silly resolved     dist: { shasum: '152faa7931cc221095f8f259b33fc4b0ead32025' },
105 silly resolved     _from: 'socket.io@',
105 silly resolved     _resolved: 'https://registry.npmjs.org/socket.io/-/socket.io-1.2.0.tgz' } ]
106 info install socket.io@1.2.0 into /home/hamza/Bureau/projet_tables/tables
107 info installOne socket.io@1.2.0
108 info /home/hamza/Bureau/projet_tables/tables/node_modules/socket.io unbuild
109 info preuninstall socket.io@1.2.0
110 info uninstall socket.io@1.2.0
111 verbose true,/home/hamza/Bureau/projet_tables/tables/node_modules,/home/hamza/Bureau/projet_tables/tables/node_modules unbuild socket.io@1.2.0
112 info postuninstall socket.io@1.2.0
113 info /home/hamza/Bureau/projet_tables/tables/node_modules/socket.io unbuild
114 info preuninstall socket.io@1.2.0
115 info uninstall socket.io@1.2.0
116 verbose true,/home/hamza/Bureau/projet_tables/tables/node_modules,/home/hamza/Bureau/projet_tables/tables/node_modules unbuild socket.io@1.2.0
117 info postuninstall socket.io@1.2.0
118 error error rolling back Error: EACCES, unlink '/home/hamza/Bureau/projet_tables/tables/node_modules/socket.io/.travis.yml'
118 error error rolling back  socket.io@1.2.0 { [Error: EACCES, unlink '/home/hamza/Bureau/projet_tables/tables/node_modules/socket.io/.travis.yml']
118 error error rolling back   errno: 3,
118 error error rolling back   code: 'EACCES',
118 error error rolling back   path: '/home/hamza/Bureau/projet_tables/tables/node_modules/socket.io/.travis.yml' }
119 error Error: EACCES, unlink '/home/hamza/Bureau/projet_tables/tables/node_modules/socket.io/.npmignore'
119 error  { [Error: EACCES, unlink '/home/hamza/Bureau/projet_tables/tables/node_modules/socket.io/.npmignore']
119 error   errno: 3,
119 error   code: 'EACCES',
119 error   path: '/home/hamza/Bureau/projet_tables/tables/node_modules/socket.io/.npmignore' }
120 error Please try running this command again as root/Administrator.
121 error System Linux 3.11.10-301.fc20.x86_64
122 error command "node" "/usr/bin/npm" "install" "--save" "socket.io"
123 error cwd /home/hamza/Bureau/projet_tables/tables
124 error node -v v0.10.32
125 error npm -v 1.3.6
126 error path /home/hamza/Bureau/projet_tables/tables/node_modules/socket.io/.npmignore
127 error code EACCES
128 error errno 3
129 error stack Error: EACCES, unlink '/home/hamza/Bureau/projet_tables/tables/node_modules/socket.io/.npmignore'
130 verbose exit [ 3, true ]
